CRITICAL - 2022-06-17 01:40:51 --> Undefined variable $page
in APPPATH\Views\Kategori\select.php on line 33.
 1 APPPATH\Views\Kategori\select.php(33): CodeIgniter\Debug\Exceptions->errorHandler(2, 'Undefined variable $page', 'APPPATH\\Views\\Kategori\\select.php', 33)
 2 SYSTEMPATH\View\View.php(213): include('APPPATH\\Views\\Kategori\\select.php')
 3 SYSTEMPATH\View\View.php(216): CodeIgniter\View\View->CodeIgniter\View\{closure}()
 4 SYSTEMPATH\Common.php(1135): CodeIgniter\View\View->render('Kategori/select', [], true)
 5 APPPATH\Controllers\Admin\Kategori.php(43): view('Kategori/select', [...])
 6 SYSTEMPATH\CodeIgniter.php(898): App\Controllers\Admin\Kategori->read()
 7 SYSTEMPATH\CodeIgniter.php(468): CodeIgniter\CodeIgniter->runController(Object(App\Controllers\Admin\Kategori))
 8 SYSTEMPATH\CodeIgniter.php(351): CodeIgniter\CodeIgniter->handleRequest(null, Object(Config\Cache), false)
 9 FCPATH\index.php(55): CodeIgniter\CodeIgniter->run()
CRITICAL - 2022-06-17 01:42:28 --> Undefined variable $page
in APPPATH\Views\Kategori\select.php on line 33.
 1 APPPATH\Views\Kategori\select.php(33): CodeIgniter\Debug\Exceptions->errorHandler(2, 'Undefined variable $page', 'APPPATH\\Views\\Kategori\\select.php', 33)
 2 SYSTEMPATH\View\View.php(213): include('APPPATH\\Views\\Kategori\\select.php')
 3 SYSTEMPATH\View\View.php(216): CodeIgniter\View\View->CodeIgniter\View\{closure}()
 4 SYSTEMPATH\Common.php(1135): CodeIgniter\View\View->render('Kategori/select', [], true)
 5 APPPATH\Controllers\Admin\Kategori.php(43): view('Kategori/select', [...])
 6 SYSTEMPATH\CodeIgniter.php(898): App\Controllers\Admin\Kategori->read()
 7 SYSTEMPATH\CodeIgniter.php(468): CodeIgniter\CodeIgniter->runController(Object(App\Controllers\Admin\Kategori))
 8 SYSTEMPATH\CodeIgniter.php(351): CodeIgniter\CodeIgniter->handleRequest(null, Object(Config\Cache), false)
 9 FCPATH\index.php(55): CodeIgniter\CodeIgniter->run()
CRITICAL - 2022-06-17 01:42:29 --> Undefined variable $page
in APPPATH\Views\Kategori\select.php on line 33.
 1 APPPATH\Views\Kategori\select.php(33): CodeIgniter\Debug\Exceptions->errorHandler(2, 'Undefined variable $page', 'APPPATH\\Views\\Kategori\\select.php', 33)
 2 SYSTEMPATH\View\View.php(213): include('APPPATH\\Views\\Kategori\\select.php')
 3 SYSTEMPATH\View\View.php(216): CodeIgniter\View\View->CodeIgniter\View\{closure}()
 4 SYSTEMPATH\Common.php(1135): CodeIgniter\View\View->render('Kategori/select', [], true)
 5 APPPATH\Controllers\Admin\Kategori.php(43): view('Kategori/select', [...])
 6 SYSTEMPATH\CodeIgniter.php(898): App\Controllers\Admin\Kategori->read()
 7 SYSTEMPATH\CodeIgniter.php(468): CodeIgniter\CodeIgniter->runController(Object(App\Controllers\Admin\Kategori))
 8 SYSTEMPATH\CodeIgniter.php(351): CodeIgniter\CodeIgniter->handleRequest(null, Object(Config\Cache), false)
 9 FCPATH\index.php(55): CodeIgniter\CodeIgniter->run()
CRITICAL - 2022-06-17 01:42:35 --> Undefined variable $page
in APPPATH\Views\Kategori\select.php on line 33.
 1 APPPATH\Views\Kategori\select.php(33): CodeIgniter\Debug\Exceptions->errorHandler(2, 'Undefined variable $page', 'APPPATH\\Views\\Kategori\\select.php', 33)
 2 SYSTEMPATH\View\View.php(213): include('APPPATH\\Views\\Kategori\\select.php')
 3 SYSTEMPATH\View\View.php(216): CodeIgniter\View\View->CodeIgniter\View\{closure}()
 4 SYSTEMPATH\Common.php(1135): CodeIgniter\View\View->render('Kategori/select', [], true)
 5 APPPATH\Controllers\Admin\Kategori.php(43): view('Kategori/select', [...])
 6 SYSTEMPATH\CodeIgniter.php(898): App\Controllers\Admin\Kategori->read()
 7 SYSTEMPATH\CodeIgniter.php(468): CodeIgniter\CodeIgniter->runController(Object(App\Controllers\Admin\Kategori))
 8 SYSTEMPATH\CodeIgniter.php(351): CodeIgniter\CodeIgniter->handleRequest(null, Object(Config\Cache), false)
 9 FCPATH\index.php(55): CodeIgniter\CodeIgniter->run()
CRITICAL - 2022-06-17 01:43:11 --> Undefined variable $page
in APPPATH\Views\Kategori\select.php on line 33.
 1 APPPATH\Views\Kategori\select.php(33): CodeIgniter\Debug\Exceptions->errorHandler(2, 'Undefined variable $page', 'APPPATH\\Views\\Kategori\\select.php', 33)
 2 SYSTEMPATH\View\View.php(213): include('APPPATH\\Views\\Kategori\\select.php')
 3 SYSTEMPATH\View\View.php(216): CodeIgniter\View\View->CodeIgniter\View\{closure}()
 4 SYSTEMPATH\Common.php(1135): CodeIgniter\View\View->render('Kategori/select', [], true)
 5 APPPATH\Controllers\Admin\Kategori.php(43): view('Kategori/select', [...])
 6 SYSTEMPATH\CodeIgniter.php(898): App\Controllers\Admin\Kategori->read()
 7 SYSTEMPATH\CodeIgniter.php(468): CodeIgniter\CodeIgniter->runController(Object(App\Controllers\Admin\Kategori))
 8 SYSTEMPATH\CodeIgniter.php(351): CodeIgniter\CodeIgniter->handleRequest(null, Object(Config\Cache), false)
 9 FCPATH\index.php(55): CodeIgniter\CodeIgniter->run()
CRITICAL - 2022-06-17 01:43:12 --> Undefined variable $page
in APPPATH\Views\Kategori\select.php on line 33.
 1 APPPATH\Views\Kategori\select.php(33): CodeIgniter\Debug\Exceptions->errorHandler(2, 'Undefined variable $page', 'APPPATH\\Views\\Kategori\\select.php', 33)
 2 SYSTEMPATH\View\View.php(213): include('APPPATH\\Views\\Kategori\\select.php')
 3 SYSTEMPATH\View\View.php(216): CodeIgniter\View\View->CodeIgniter\View\{closure}()
 4 SYSTEMPATH\Common.php(1135): CodeIgniter\View\View->render('Kategori/select', [], true)
 5 APPPATH\Controllers\Admin\Kategori.php(43): view('Kategori/select', [...])
 6 SYSTEMPATH\CodeIgniter.php(898): App\Controllers\Admin\Kategori->read()
 7 SYSTEMPATH\CodeIgniter.php(468): CodeIgniter\CodeIgniter->runController(Object(App\Controllers\Admin\Kategori))
 8 SYSTEMPATH\CodeIgniter.php(351): CodeIgniter\CodeIgniter->handleRequest(null, Object(Config\Cache), false)
 9 FCPATH\index.php(55): CodeIgniter\CodeIgniter->run()
CRITICAL - 2022-06-17 01:43:13 --> Undefined variable $page
in APPPATH\Views\Kategori\select.php on line 33.
 1 APPPATH\Views\Kategori\select.php(33): CodeIgniter\Debug\Exceptions->errorHandler(2, 'Undefined variable $page', 'APPPATH\\Views\\Kategori\\select.php', 33)
 2 SYSTEMPATH\View\View.php(213): include('APPPATH\\Views\\Kategori\\select.php')
 3 SYSTEMPATH\View\View.php(216): CodeIgniter\View\View->CodeIgniter\View\{closure}()
 4 SYSTEMPATH\Common.php(1135): CodeIgniter\View\View->render('Kategori/select', [], true)
 5 APPPATH\Controllers\Admin\Kategori.php(43): view('Kategori/select', [...])
 6 SYSTEMPATH\CodeIgniter.php(898): App\Controllers\Admin\Kategori->read()
 7 SYSTEMPATH\CodeIgniter.php(468): CodeIgniter\CodeIgniter->runController(Object(App\Controllers\Admin\Kategori))
 8 SYSTEMPATH\CodeIgniter.php(351): CodeIgniter\CodeIgniter->handleRequest(null, Object(Config\Cache), false)
 9 FCPATH\index.php(55): CodeIgniter\CodeIgniter->run()
CRITICAL - 2022-06-17 01:44:22 --> Undefined variable $page
in APPPATH\Views\Kategori\select.php on line 33.
 1 APPPATH\Views\Kategori\select.php(33): CodeIgniter\Debug\Exceptions->errorHandler(2, 'Undefined variable $page', 'APPPATH\\Views\\Kategori\\select.php', 33)
 2 SYSTEMPATH\View\View.php(213): include('APPPATH\\Views\\Kategori\\select.php')
 3 SYSTEMPATH\View\View.php(216): CodeIgniter\View\View->CodeIgniter\View\{closure}()
 4 SYSTEMPATH\Common.php(1135): CodeIgniter\View\View->render('Kategori/select', [], true)
 5 APPPATH\Controllers\Admin\Kategori.php(43): view('Kategori/select', [...])
 6 SYSTEMPATH\CodeIgniter.php(898): App\Controllers\Admin\Kategori->read()
 7 SYSTEMPATH\CodeIgniter.php(468): CodeIgniter\CodeIgniter->runController(Object(App\Controllers\Admin\Kategori))
 8 SYSTEMPATH\CodeIgniter.php(351): CodeIgniter\CodeIgniter->handleRequest(null, Object(Config\Cache), false)
 9 FCPATH\index.php(55): CodeIgniter\CodeIgniter->run()
CRITICAL - 2022-06-17 01:51:20 --> Undefined variable $page
in APPPATH\Views\Kategori\select.php on line 33.
 1 APPPATH\Views\Kategori\select.php(33): CodeIgniter\Debug\Exceptions->errorHandler(2, 'Undefined variable $page', 'APPPATH\\Views\\Kategori\\select.php', 33)
 2 SYSTEMPATH\View\View.php(213): include('APPPATH\\Views\\Kategori\\select.php')
 3 SYSTEMPATH\View\View.php(216): CodeIgniter\View\View->CodeIgniter\View\{closure}()
 4 SYSTEMPATH\Common.php(1135): CodeIgniter\View\View->render('Kategori/select', [], true)
 5 APPPATH\Controllers\Admin\Kategori.php(43): view('Kategori/select', [...])
 6 SYSTEMPATH\CodeIgniter.php(898): App\Controllers\Admin\Kategori->read()
 7 SYSTEMPATH\CodeIgniter.php(468): CodeIgniter\CodeIgniter->runController(Object(App\Controllers\Admin\Kategori))
 8 SYSTEMPATH\CodeIgniter.php(351): CodeIgniter\CodeIgniter->handleRequest(null, Object(Config\Cache), false)
 9 FCPATH\index.php(55): CodeIgniter\CodeIgniter->run()
