CRITICAL - 2022-06-21 01:26:16 --> Undefined array key 0
in APPPATH\Views\order\update.php on line 12.
 1 APPPATH\Views\order\update.php(12): CodeIgniter\Debug\Exceptions->errorHandler(2, 'Undefined array key 0', 'APPPATH\\Views\\order\\update.php', 12)
 2 SYSTEMPATH\View\View.php(213): include('APPPATH\\Views\\order\\update.php')
 3 SYSTEMPATH\View\View.php(216): CodeIgniter\View\View->CodeIgniter\View\{closure}()
 4 SYSTEMPATH\Common.php(1135): CodeIgniter\View\View->render('order/update', [], true)
 5 APPPATH\Controllers\Admin\Order.php(80): view('order/update', [...])
 6 SYSTEMPATH\CodeIgniter.php(898): App\Controllers\Admin\Order->find('5')
 7 SYSTEMPATH\CodeIgniter.php(468): CodeIgniter\CodeIgniter->runController(Object(App\Controllers\Admin\Order))
 8 SYSTEMPATH\CodeIgniter.php(351): CodeIgniter\CodeIgniter->handleRequest(null, Object(Config\Cache), false)
 9 FCPATH\index.php(55): CodeIgniter\CodeIgniter->run()
CRITICAL - 2022-06-21 01:41:09 --> Cannot call constructor
in APPPATH\Controllers\Admin\User.php on line 17.
 1 SYSTEMPATH\CodeIgniter.php(860): App\Controllers\Admin\User->__construct()
 2 SYSTEMPATH\CodeIgniter.php(459): CodeIgniter\CodeIgniter->createController()
 3 SYSTEMPATH\CodeIgniter.php(351): CodeIgniter\CodeIgniter->handleRequest(null, Object(Config\Cache), false)
 4 FCPATH\index.php(55): CodeIgniter\CodeIgniter->run()
CRITICAL - 2022-06-21 01:46:14 --> Undefined property: App\Controllers\Admin\User::$session
in APPPATH\Controllers\Admin\User.php on line 19.
 1 APPPATH\Controllers\Admin\User.php(19): CodeIgniter\Debug\Exceptions->errorHandler(2, 'Undefined property: App\\Controllers\\Admin\\User::$session', 'APPPATH\\Controllers\\Admin\\User.php', 19)
 2 SYSTEMPATH\CodeIgniter.php(860): App\Controllers\Admin\User->__construct()
 3 SYSTEMPATH\CodeIgniter.php(459): CodeIgniter\CodeIgniter->createController()
 4 SYSTEMPATH\CodeIgniter.php(351): CodeIgniter\CodeIgniter->handleRequest(null, Object(Config\Cache), false)
 5 FCPATH\index.php(55): CodeIgniter\CodeIgniter->run()
CRITICAL - 2022-06-21 01:46:38 --> Undefined property: App\Controllers\Admin\User::$session
in APPPATH\Controllers\Admin\User.php on line 20.
 1 APPPATH\Controllers\Admin\User.php(20): CodeIgniter\Debug\Exceptions->errorHandler(2, 'Undefined property: App\\Controllers\\Admin\\User::$session', 'APPPATH\\Controllers\\Admin\\User.php', 20)
 2 SYSTEMPATH\CodeIgniter.php(860): App\Controllers\Admin\User->__construct()
 3 SYSTEMPATH\CodeIgniter.php(459): CodeIgniter\CodeIgniter->createController()
 4 SYSTEMPATH\CodeIgniter.php(351): CodeIgniter\CodeIgniter->handleRequest(null, Object(Config\Cache), false)
 5 FCPATH\index.php(55): CodeIgniter\CodeIgniter->run()
CRITICAL - 2022-06-21 01:46:54 --> Call to undefined method CodeIgniter\Session\Session::set_flashdata()
in APPPATH\Controllers\Admin\User.php on line 20.
 1 SYSTEMPATH\CodeIgniter.php(860): App\Controllers\Admin\User->__construct()
 2 SYSTEMPATH\CodeIgniter.php(459): CodeIgniter\CodeIgniter->createController()
 3 SYSTEMPATH\CodeIgniter.php(351): CodeIgniter\CodeIgniter->handleRequest(null, Object(Config\Cache), false)
 4 FCPATH\index.php(55): CodeIgniter\CodeIgniter->run()
CRITICAL - 2022-06-21 01:46:55 --> Call to undefined method CodeIgniter\Session\Session::set_flashdata()
in APPPATH\Controllers\Admin\User.php on line 20.
 1 SYSTEMPATH\CodeIgniter.php(860): App\Controllers\Admin\User->__construct()
 2 SYSTEMPATH\CodeIgniter.php(459): CodeIgniter\CodeIgniter->createController()
 3 SYSTEMPATH\CodeIgniter.php(351): CodeIgniter\CodeIgniter->handleRequest(null, Object(Config\Cache), false)
 4 FCPATH\index.php(55): CodeIgniter\CodeIgniter->run()
CRITICAL - 2022-06-21 01:51:44 --> Undefined property: App\Controllers\Admin\User::$session
in APPPATH\Controllers\Admin\User.php on line 19.
 1 APPPATH\Controllers\Admin\User.php(19): CodeIgniter\Debug\Exceptions->errorHandler(2, 'Undefined property: App\\Controllers\\Admin\\User::$session', 'APPPATH\\Controllers\\Admin\\User.php', 19)
 2 SYSTEMPATH\CodeIgniter.php(860): App\Controllers\Admin\User->__construct()
 3 SYSTEMPATH\CodeIgniter.php(459): CodeIgniter\CodeIgniter->createController()
 4 SYSTEMPATH\CodeIgniter.php(351): CodeIgniter\CodeIgniter->handleRequest(null, Object(Config\Cache), false)
 5 FCPATH\index.php(55): CodeIgniter\CodeIgniter->run()
CRITICAL - 2022-06-21 01:52:05 --> Call to undefined method CodeIgniter\Session\Session::flashdata()
in APPPATH\Controllers\Admin\User.php on line 19.
 1 SYSTEMPATH\CodeIgniter.php(860): App\Controllers\Admin\User->__construct()
 2 SYSTEMPATH\CodeIgniter.php(459): CodeIgniter\CodeIgniter->createController()
 3 SYSTEMPATH\CodeIgniter.php(351): CodeIgniter\CodeIgniter->handleRequest(null, Object(Config\Cache), false)
 4 FCPATH\index.php(55): CodeIgniter\CodeIgniter->run()
CRITICAL - 2022-06-21 01:52:15 --> Call to undefined method CodeIgniter\Session\Session::flashdata()
in APPPATH\Controllers\Admin\User.php on line 19.
 1 SYSTEMPATH\CodeIgniter.php(860): App\Controllers\Admin\User->__construct()
 2 SYSTEMPATH\CodeIgniter.php(459): CodeIgniter\CodeIgniter->createController()
 3 SYSTEMPATH\CodeIgniter.php(351): CodeIgniter\CodeIgniter->handleRequest(null, Object(Config\Cache), false)
 4 FCPATH\index.php(55): CodeIgniter\CodeIgniter->run()
