CRITICAL - 2022-06-18 03:02:57 --> Undefined variable $request
in APPPATH\Controllers\Admin\Menu.php on line 144.
 1 APPPATH\Controllers\Admin\Menu.php(144): CodeIgniter\Debug\Exceptions->errorHandler(2, 'Undefined variable $request', 'APPPATH\\Controllers\\Admin\\Menu.php', 144)
 2 SYSTEMPATH\CodeIgniter.php(898): App\Controllers\Admin\Menu->update()
 3 SYSTEMPATH\CodeIgniter.php(468): CodeIgniter\CodeIgniter->runController(Object(App\Controllers\Admin\Menu))
 4 SYSTEMPATH\CodeIgniter.php(351): CodeIgniter\CodeIgniter->handleRequest(null, Object(Config\Cache), false)
 5 FCPATH\index.php(55): CodeIgniter\CodeIgniter->run()
CRITICAL - 2022-06-18 04:59:37 --> Class "App\Controllers\Admin\BaseController" not found
in APPPATH\Controllers\Admin\Pelanggan.php on line 4.
 1 SYSTEMPATH\Router\AutoRouter.php(147): include_once()
 2 SYSTEMPATH\Router\Router.php(499): CodeIgniter\Router\AutoRouter->getRoute('admin/pelanggan')
 3 SYSTEMPATH\Router\Router.php(205): CodeIgniter\Router\Router->autoRoute('admin/pelanggan')
 4 SYSTEMPATH\CodeIgniter.php(773): CodeIgniter\Router\Router->handle('admin/pelanggan')
 5 SYSTEMPATH\CodeIgniter.php(417): CodeIgniter\CodeIgniter->tryToRouteIt(Object(CodeIgniter\Router\RouteCollection))
 6 SYSTEMPATH\CodeIgniter.php(351): CodeIgniter\CodeIgniter->handleRequest(null, Object(Config\Cache), false)
 7 FCPATH\index.php(55): CodeIgniter\CodeIgniter->run()
CRITICAL - 2022-06-18 06:17:12 --> Undefined variable $model_nana
in APPPATH\Controllers\Admin\Pelanggan.php on line 52.
 1 APPPATH\Controllers\Admin\Pelanggan.php(52): CodeIgniter\Debug\Exceptions->errorHandler(2, 'Undefined variable $model_nana', 'APPPATH\\Controllers\\Admin\\Pelanggan.php', 52)
 2 SYSTEMPATH\CodeIgniter.php(898): App\Controllers\Admin\Pelanggan->update('2', 0)
 3 SYSTEMPATH\CodeIgniter.php(468): CodeIgniter\CodeIgniter->runController(Object(App\Controllers\Admin\Pelanggan))
 4 SYSTEMPATH\CodeIgniter.php(351): CodeIgniter\CodeIgniter->handleRequest(null, Object(Config\Cache), false)
 5 FCPATH\index.php(55): CodeIgniter\CodeIgniter->run()
CRITICAL - 2022-06-18 22:22:11 --> syntax error, unexpected token "}", expecting "," or ";"
in APPPATH\Controllers\Admin\Order.php on line 24.
 1 SYSTEMPATH\Router\Router.php(499): CodeIgniter\Router\AutoRouter->getRoute('admin/order')
 2 SYSTEMPATH\Router\Router.php(205): CodeIgniter\Router\Router->autoRoute('admin/order')
 3 SYSTEMPATH\CodeIgniter.php(773): CodeIgniter\Router\Router->handle('admin/order')
 4 SYSTEMPATH\CodeIgniter.php(417): CodeIgniter\CodeIgniter->tryToRouteIt(Object(CodeIgniter\Router\RouteCollection))
 5 SYSTEMPATH\CodeIgniter.php(351): CodeIgniter\CodeIgniter->handleRequest(null, Object(Config\Cache), false)
 6 FCPATH\index.php(55): CodeIgniter\CodeIgniter->run()
CRITICAL - 2022-06-18 22:22:13 --> syntax error, unexpected token "}", expecting "," or ";"
in APPPATH\Controllers\Admin\Order.php on line 24.
 1 SYSTEMPATH\Router\Router.php(499): CodeIgniter\Router\AutoRouter->getRoute('admin/order')
 2 SYSTEMPATH\Router\Router.php(205): CodeIgniter\Router\Router->autoRoute('admin/order')
 3 SYSTEMPATH\CodeIgniter.php(773): CodeIgniter\Router\Router->handle('admin/order')
 4 SYSTEMPATH\CodeIgniter.php(417): CodeIgniter\CodeIgniter->tryToRouteIt(Object(CodeIgniter\Router\RouteCollection))
 5 SYSTEMPATH\CodeIgniter.php(351): CodeIgniter\CodeIgniter->handleRequest(null, Object(Config\Cache), false)
 6 FCPATH\index.php(55): CodeIgniter\CodeIgniter->run()
ERROR - 2022-06-18 22:30:34 --> Table 'dbrestoran.vorder' doesn't exist
CRITICAL - 2022-06-18 22:30:34 --> Table 'dbrestoran.vorder' doesn't exist
in SYSTEMPATH\Database\MySQLi\Connection.php on line 292.
 1 SYSTEMPATH\Database\MySQLi\Connection.php(292): mysqli->query('SELECT * FROM vorder ORDER BY status ASC', 0)
 2 SYSTEMPATH\Database\BaseConnection.php(678): CodeIgniter\Database\MySQLi\Connection->execute('SELECT * FROM vorder ORDER BY status ASC')
 3 SYSTEMPATH\Database\BaseConnection.php(606): CodeIgniter\Database\BaseConnection->simpleQuery('SELECT * FROM vorder ORDER BY status ASC')
 4 APPPATH\Controllers\Admin\Order.php(16): CodeIgniter\Database\BaseConnection->query('SELECT * FROM vorder ORDER BY status ASC')
 5 SYSTEMPATH\CodeIgniter.php(898): App\Controllers\Admin\Order->index()
 6 SYSTEMPATH\CodeIgniter.php(468): CodeIgniter\CodeIgniter->runController(Object(App\Controllers\Admin\Order))
 7 SYSTEMPATH\CodeIgniter.php(351): CodeIgniter\CodeIgniter->handleRequest(null, Object(Config\Cache), false)
 8 FCPATH\index.php(55): CodeIgniter\CodeIgniter->run()
CRITICAL - 2022-06-18 23:21:51 --> Array to string conversion
in APPPATH\Controllers\Admin\Order.php on line 21.
 1 APPPATH\Controllers\Admin\Order.php(21): CodeIgniter\Debug\Exceptions->errorHandler(2, 'Array to string conversion', 'APPPATH\\Controllers\\Admin\\Order.php', 21)
 2 SYSTEMPATH\CodeIgniter.php(898): App\Controllers\Admin\Order->index()
 3 SYSTEMPATH\CodeIgniter.php(468): CodeIgniter\CodeIgniter->runController(Object(App\Controllers\Admin\Order))
 4 SYSTEMPATH\CodeIgniter.php(351): CodeIgniter\CodeIgniter->handleRequest(null, Object(Config\Cache), false)
 5 FCPATH\index.php(55): CodeIgniter\CodeIgniter->run()
CRITICAL - 2022-06-18 23:22:03 --> Object of class CodeIgniter\Database\MySQLi\Result could not be converted to string
in APPPATH\Controllers\Admin\Order.php on line 21.
 1 SYSTEMPATH\CodeIgniter.php(898): App\Controllers\Admin\Order->index()
 2 SYSTEMPATH\CodeIgniter.php(468): CodeIgniter\CodeIgniter->runController(Object(App\Controllers\Admin\Order))
 3 SYSTEMPATH\CodeIgniter.php(351): CodeIgniter\CodeIgniter->handleRequest(null, Object(Config\Cache), false)
 4 FCPATH\index.php(55): CodeIgniter\CodeIgniter->run()
CRITICAL - 2022-06-18 23:33:50 --> Undefined variable $no
in APPPATH\Views\order\select.php on line 21.
 1 APPPATH\Views\order\select.php(21): CodeIgniter\Debug\Exceptions->errorHandler(2, 'Undefined variable $no', 'APPPATH\\Views\\order\\select.php', 21)
 2 SYSTEMPATH\View\View.php(213): include('APPPATH\\Views\\order\\select.php')
 3 SYSTEMPATH\View\View.php(216): CodeIgniter\View\View->CodeIgniter\View\{closure}()
 4 SYSTEMPATH\Common.php(1135): CodeIgniter\View\View->render('order/select', [], true)
 5 APPPATH\Controllers\Admin\Order.php(27): view('order/select', [...])
 6 SYSTEMPATH\CodeIgniter.php(898): App\Controllers\Admin\Order->index()
 7 SYSTEMPATH\CodeIgniter.php(468): CodeIgniter\CodeIgniter->runController(Object(App\Controllers\Admin\Order))
 8 SYSTEMPATH\CodeIgniter.php(351): CodeIgniter\CodeIgniter->handleRequest(null, Object(Config\Cache), false)
 9 FCPATH\index.php(55): CodeIgniter\CodeIgniter->run()
CRITICAL - 2022-06-18 23:34:28 --> Undefined array key "idkategori"
in APPPATH\Views\order\select.php on line 24.
 1 APPPATH\Views\order\select.php(24): CodeIgniter\Debug\Exceptions->errorHandler(2, 'Undefined array key "idkategori"', 'APPPATH\\Views\\order\\select.php', 24)
 2 SYSTEMPATH\View\View.php(213): include('APPPATH\\Views\\order\\select.php')
 3 SYSTEMPATH\View\View.php(216): CodeIgniter\View\View->CodeIgniter\View\{closure}()
 4 SYSTEMPATH\Common.php(1135): CodeIgniter\View\View->render('order/select', [], true)
 5 APPPATH\Controllers\Admin\Order.php(27): view('order/select', [...])
 6 SYSTEMPATH\CodeIgniter.php(898): App\Controllers\Admin\Order->index()
 7 SYSTEMPATH\CodeIgniter.php(468): CodeIgniter\CodeIgniter->runController(Object(App\Controllers\Admin\Order))
 8 SYSTEMPATH\CodeIgniter.php(351): CodeIgniter\CodeIgniter->handleRequest(null, Object(Config\Cache), false)
 9 FCPATH\index.php(55): CodeIgniter\CodeIgniter->run()
CRITICAL - 2022-06-18 23:34:41 --> Undefined array key "idkategori"
in APPPATH\Views\order\select.php on line 24.
 1 APPPATH\Views\order\select.php(24): CodeIgniter\Debug\Exceptions->errorHandler(2, 'Undefined array key "idkategori"', 'APPPATH\\Views\\order\\select.php', 24)
 2 SYSTEMPATH\View\View.php(213): include('APPPATH\\Views\\order\\select.php')
 3 SYSTEMPATH\View\View.php(216): CodeIgniter\View\View->CodeIgniter\View\{closure}()
 4 SYSTEMPATH\Common.php(1135): CodeIgniter\View\View->render('order/select', [], true)
 5 APPPATH\Controllers\Admin\Order.php(27): view('order/select', [...])
 6 SYSTEMPATH\CodeIgniter.php(898): App\Controllers\Admin\Order->index()
 7 SYSTEMPATH\CodeIgniter.php(468): CodeIgniter\CodeIgniter->runController(Object(App\Controllers\Admin\Order))
 8 SYSTEMPATH\CodeIgniter.php(351): CodeIgniter\CodeIgniter->handleRequest(null, Object(Config\Cache), false)
 9 FCPATH\index.php(55): CodeIgniter\CodeIgniter->run()
CRITICAL - 2022-06-18 23:54:59 --> Undefined variable $tampil
in APPPATH\Views\order\select.php on line 52.
 1 APPPATH\Views\order\select.php(52): CodeIgniter\Debug\Exceptions->errorHandler(2, 'Undefined variable $tampil', 'APPPATH\\Views\\order\\select.php', 52)
 2 SYSTEMPATH\View\View.php(213): include('APPPATH\\Views\\order\\select.php')
 3 SYSTEMPATH\View\View.php(216): CodeIgniter\View\View->CodeIgniter\View\{closure}()
 4 SYSTEMPATH\Common.php(1135): CodeIgniter\View\View->render('order/select', [], true)
 5 APPPATH\Controllers\Admin\Order.php(39): view('order/select', [...])
 6 SYSTEMPATH\CodeIgniter.php(898): App\Controllers\Admin\Order->index()
 7 SYSTEMPATH\CodeIgniter.php(468): CodeIgniter\CodeIgniter->runController(Object(App\Controllers\Admin\Order))
 8 SYSTEMPATH\CodeIgniter.php(351): CodeIgniter\CodeIgniter->handleRequest(null, Object(Config\Cache), false)
 9 FCPATH\index.php(55): CodeIgniter\CodeIgniter->run()
